<?xml version="1.0" encoding="UTF-8"?>
<testng-results skipped="0" failed="0" total="4" passed="4">
  <reporter-output>
  </reporter-output>
  <suite name="TestingBasics2" duration-ms="16" started-at="2015-10-12T10:39:21Z" finished-at="2015-10-12T10:39:21Z">
    <groups>
    </groups>
    <test name="SingleTestSuite2" duration-ms="16" started-at="2015-10-12T10:39:21Z" finished-at="2015-10-12T10:39:21Z">
      <class name="lqas.automation.AppTest1">
        <test-method status="PASS" signature="forthTest()[pri:0, instance:lqas.automation.AppTest1@3eae389d]" name="forthTest" duration-ms="16" started-at="2015-10-12T13:39:21Z" finished-at="2015-10-12T13:39:21Z">
          <reporter-output>
          </reporter-output>
        </test-method> <!-- forthTest -->
        <test-method status="PASS" signature="thirdtTest()[pri:0, instance:lqas.automation.AppTest1@3eae389d]" name="thirdtTest" duration-ms="0" started-at="2015-10-12T13:39:21Z" finished-at="2015-10-12T13:39:21Z">
          <reporter-output>
          </reporter-output>
        </test-method> <!-- thirdtTest -->
      </class> <!-- lqas.automation.AppTest1 -->
    </test> <!-- SingleTestSuite2 -->
  </suite> <!-- TestingBasics2 -->
  <suite name="TestingBasics1" duration-ms="0" started-at="2015-10-12T10:39:21Z" finished-at="2015-10-12T10:39:21Z">
    <groups>
    </groups>
    <test name="SingleTestSuite1" duration-ms="0" started-at="2015-10-12T10:39:21Z" finished-at="2015-10-12T10:39:21Z">
      <class name="lqas.automation.AppTest">
        <test-method status="PASS" signature="firstTest()[pri:0, instance:lqas.automation.AppTest@d818ff0]" name="firstTest" duration-ms="0" started-at="2015-10-12T13:39:21Z" finished-at="2015-10-12T13:39:21Z">
          <reporter-output>
          </reporter-output>
        </test-method> <!-- firstTest -->
        <test-method status="PASS" signature="secondTest()[pri:0, instance:lqas.automation.AppTest@d818ff0]" name="secondTest" duration-ms="0" started-at="2015-10-12T13:39:21Z" finished-at="2015-10-12T13:39:21Z">
          <reporter-output>
          </reporter-output>
        </test-method> <!-- secondTest -->
      </class> <!-- lqas.automation.AppTest -->
    </test> <!-- SingleTestSuite1 -->
  </suite> <!-- TestingBasics1 -->
</testng-results>
