<?xml version="1.0" encoding="UTF-8"?>
<testng-results skipped="0" failed="0" total="2" passed="2">
  <reporter-output>
  </reporter-output>
  <suite name="TestingBasics1" duration-ms="79" started-at="2015-10-30T07:42:31Z" finished-at="2015-10-30T07:42:31Z">
    <groups>
    </groups>
    <test name="SingleTestSuite1" duration-ms="79" started-at="2015-10-30T07:42:31Z" finished-at="2015-10-30T07:42:31Z">
      <class name="lqas.automation.AppTest">
        <test-method status="PASS" signature="firstTest()[pri:0, instance:lqas.automation.AppTest@4415d52e]" name="firstTest" duration-ms="63" started-at="2015-10-30T09:42:31Z" finished-at="2015-10-30T09:42:31Z">
          <reporter-output>
          </reporter-output>
        </test-method> <!-- firstTest -->
        <test-method status="PASS" signature="secondTest()[pri:0, instance:lqas.automation.AppTest@4415d52e]" name="secondTest" duration-ms="0" started-at="2015-10-30T09:42:31Z" finished-at="2015-10-30T09:42:31Z">
          <reporter-output>
          </reporter-output>
        </test-method> <!-- secondTest -->
      </class> <!-- lqas.automation.AppTest -->
    </test> <!-- SingleTestSuite1 -->
  </suite> <!-- TestingBasics1 -->
</testng-results>
